[main d44670d] Automatic update: Thu Sep  5 18:54:13 UTC 2024
 1 file changed, 0 insertions(+), 0 deletions(-)
 create mode 100644 nohup.out
To https://github.com/Ivanrt460/bot-skybot
   8157cb0..d44670d  main -> main
[main ce4eced] Automatic update: Thu Sep  5 18:54:23 UTC 2024
 1 file changed, 5 insertions(+)
To https://github.com/Ivanrt460/bot-skybot
   d44670d..ce4eced  main -> main
[main c60ff44] Automatic update: Thu Sep  5 18:54:34 UTC 2024
 1 file changed, 4 insertions(+)
To https://github.com/Ivanrt460/bot-skybot
   ce4eced..c60ff44  main -> main
[main 94e0513] Automatic update: Thu Sep  5 18:54:45 UTC 2024
 1 file changed, 4 insertions(+)
To https://github.com/Ivanrt460/bot-skybot
   c60ff44..94e0513  main -> main
[main e208776] Automatic update: Thu Sep  5 18:54:56 UTC 2024
 1 file changed, 4 insertions(+)
To https://github.com/Ivanrt460/bot-skybot
   94e0513..e208776  main -> main
[main 39261b8] Automatic update: Thu Sep  5 18:55:07 UTC 2024
 1 file changed, 4 insertions(+)
To https://github.com/Ivanrt460/bot-skybot
   e208776..39261b8  main -> main
[main 89a7a60] Automatic update: Thu Sep  5 18:55:17 UTC 2024
 2 files changed, 5 insertions(+)
To https://github.com/Ivanrt460/bot-skybot
   39261b8..89a7a60  main -> main
[main 87cd7e4] Automatic update: Thu Sep  5 18:55:28 UTC 2024
 1 file changed, 4 insertions(+)
To https://github.com/Ivanrt460/bot-skybot
   89a7a60..87cd7e4  main -> main
[main d5da473] Automatic update: Thu Sep  5 18:55:39 UTC 2024
 1 file changed, 4 insertions(+)
To https://github.com/Ivanrt460/bot-skybot
   87cd7e4..d5da473  main -> main
